Arguments: 
  C:\Program Files\nodejs\node.exe C:\Program Files (x86)\Yarn\bin\yarn.js install

PATH: 
  C:\Program Files (x86)\Common Files\Oracle\Java\javapath;C:\Program Files\AdoptOpenJDK\jre-13.0.2.8-hotspot\bin;C:\Windows\system32;C:\Windows;C:\Windows\System32\Wbem;C:\Windows\System32\WindowsPowerShell\v1.0\;C:\Program Files\Java\jdk1.8.0_231\bin;C:\Program Files\TortoiseSVN\bin;C:\Gradle\gradle-5.6.4\bin;C:\Program Files\nodejs\;C:\Program Files\Git\cmd;C:\Program Files (x86)\Yarn\bin\;C:\Program Files (x86)\PuTTY\;C:\Program Files\Common Files\ThinPrint\;C:\Users\e-kumarchi\apache-maven-3.8.1\bin;C:\Users\e-kumarchi\scoop\shims;C:\Users\e-kumarchi\AppData\Local\Microsoft\WindowsApps;C:\Gradle\gradle-5.6.4\bin;C:\Users\e-kumarchi\AppData\Roaming\npm;C:\Users\e-kumarchi\AppData\Local\Programs\Microsoft VS Code\bin;C:\Users\e-kumarchi\AppData\Local\Yarn\bin;C:\Program Files\Java\jdk1.8.0_231\bin;C:\Users\e-kumarchi\apache-maven-3.8.1\bin;

Yarn version: 
  1.22.4

Node version: 
  11.3.0

Platform: 
  win32 x64

Trace: 
  Error: self signed certificate in certificate chain
      at TLSSocket.onConnectSecure (_tls_wrap.js:1122:34)
      at TLSSocket.emit (events.js:182:13)
      at TLSSocket._finishInit (_tls_wrap.js:625:8)

npm manifest: 
  {
    "name": "commerce-cif-graphql-hybris-customer",
    "owname": "commerce-cif-graphql-hybris-customer",
    "version": "1.0.0",
    "description": "diconium, Hybris and CIF - Graphql - IO Connector - Customer ",
    "author": "diconium",
    "license": "Apache-2.0",
    "hybrishost": "https://hybris.example.com/",
    "scripts": {
      "lint": "eslint -f table --ignore-path ./.eslintignore .",
      "linter:fix": "eslint --ext .js . --fix",
      "test": "npm run lint && npm run test-cov",
      "test-cov": "nyc npm run unit && npm run lcov-report",
      "lcov-report": "nyc report --reporter=lcov",
      "unit": "mocha test/unit/*Test.js --reporter mocha-multi-reporters --reporter-options configFile=mocha-unit.json",
      "deploy": "serverless deploy"
    },
    "dependencies": {
      "@adobe/commerce-cif-model": "^1.1.2",
      "axios": "^0.19.2",
      "dataloader": "^1.4.0",
      "graphql": "^14.5.8",
      "graphql-tools": "3.1.1",
      "node-fetch": "^2.6.0",
      "openwhisk": "^3.19.0",
      "request": "2.88.0",
      "yaml": "^1.10.0"
    },
    "devDependencies": {
      "chai": "^4.2.0",
      "chai-http": "^4.3.0",
      "chai-shallow-deep-equal": "^1.4.6",
      "eslint": "^6.8.0",
      "eslint-config-prettier": "^3.1.0",
      "eslint-plugin-header": "^3.0.0",
      "eslint-plugin-jest": "^22.21.0",
      "eslint-plugin-prettier": "^3.0.1",
      "eslint-plugin-react": "^7.20.5",
      "eslint-plugin-react-hooks": "^1.6.1",
      "lerna": "^3.22.1",
      "mocha": "^6.2.0",
      "mocha-junit-reporter": "^1.23.1",
      "mocha-multi-reporters": "^1.1.7",
      "mock-require": "^3.0.3",
      "nock": "^12.0.3",
      "nyc": "^15.0.0",
      "prettier": "^1.15.3",
      "serverless": "^1.67.0",
      "serverless-openwhisk": "^0.18.4",
      "serverless-webpack": "^5.3.1",
      "sinon": "^7.5.0",
      "webpack": "^4.39.1"
    },
    "publishConfig": {
      "access": "public"
    },
    "repository": {
      "type": "git",
      "url": "https://github.com/diconium/commerce-cif-graphql-integration-hybris.git"
    },
    "nyc": {
      "include": [
        "src/**"
      ],
      "exclude": [
        "src/resources"
      ],
      "check-coverage": true,
      "per-file": false,
      "lines": 80,
      "all": true
    }
  }

yarn manifest: 
  No manifest

Lockfile: 
  No lockfile
